<?xml version="1.0" encoding="UTF-8"?>
<!-- Generated by org.testng.reporters.JUnitXMLReporter -->
<testsuite ignored="0" hostname="BROCHE2LAP078" failures="0" tests="4" name="Global Search" time="22.445" errors="0" timestamp="2026-06-08T11:59:57 IST">
  <testcase classname="runners.TestRunnerOperation" name="executeTest" time="0.338">
    <skipped/>
  </testcase> <!-- executeTest -->
  <testcase classname="runners.TestRunnerOperation" name="executeTest" time="0.001">
    <skipped/>
  </testcase> <!-- executeTest -->
  <testcase classname="runners.TestRunnerOperation" name="executeTest" time="0.0">
    <skipped/>
  </testcase> <!-- executeTest -->
  <testcase classname="runners.TestRunnerOperation" name="executeTest" time="20.442"/>
</testsuite> <!-- Global Search -->
