<?xml version="1.0" encoding="UTF-8"?>
<!-- Generated by org.testng.reporters.JUnitReportReporter -->
<testsuite hostname="BROCHE2LAP078" failures="0" tests="67" name="runners.TestRunnerCategory" time="93.157" errors="0" timestamp="2026-05-30T22:07:17 IST" skipped="66">
  <testcase classname="runners.TestRunnerCategory" name="executeTest" time="0.001">
    <skipped/>
  </testcase> <!-- executeTest -->
  <testcase classname="runners.TestRunnerCategory" name="executeTest" time="0.001">
    <skipped/>
  </testcase> <!-- executeTest -->
  <testcase classname="runners.TestRunnerCategory" name="executeTest" time="0.000">
    <skipped/>
  </testcase> <!-- executeTest -->
  <testcase classname="runners.TestRunnerCategory" name="executeTest" time="0.001">
    <skipped/>
  </testcase> <!-- executeTest -->
  <testcase classname="runners.TestRunnerCategory" name="executeTest" time="0.001">
    <skipped/>
  </testcase> <!-- executeTest -->
  <testcase classname="runners.TestRunnerCategory" name="executeTest" time="0.002">
    <skipped/>
  </testcase> <!-- executeTest -->
  <testcase classname="runners.TestRunnerCategory" name="executeTest" time="0.000">
    <skipped/>
  </testcase> <!-- executeTest -->
  <testcase classname="runners.TestRunnerCategory" name="executeTest" time="0.001">
    <skipped/>
  </testcase> <!-- executeTest -->
  <testcase classname="runners.TestRunnerCategory" name="executeTest" time="0.001">
    <skipped/>
  </testcase> <!-- executeTest -->
  <testcase classname="runners.TestRunnerCategory" name="executeTest" time="0.001">
    <skipped/>
  </testcase> <!-- executeTest -->
  <testcase classname="runners.TestRunnerCategory" name="executeTest" time="0.001">
    <skipped/>
  </testcase> <!-- executeTest -->
  <testcase classname="runners.TestRunnerCategory" name="executeTest" time="0.002">
    <skipped/>
  </testcase> <!-- executeTest -->
  <testcase classname="runners.TestRunnerCategory" name="executeTest" time="0.001">
    <skipped/>
  </testcase> <!-- executeTest -->
  <testcase classname="runners.TestRunnerCategory" name="executeTest" time="0.000">
    <skipped/>
  </testcase> <!-- executeTest -->
  <testcase classname="runners.TestRunnerCategory" name="executeTest" time="0.001">
    <skipped/>
  </testcase> <!-- executeTest -->
  <testcase classname="runners.TestRunnerCategory" name="executeTest" time="0.002">
    <skipped/>
  </testcase> <!-- executeTest -->
  <testcase classname="runners.TestRunnerCategory" name="executeTest" time="0.001">
    <skipped/>
  </testcase> <!-- executeTest -->
  <testcase classname="runners.TestRunnerCategory" name="executeTest" time="0.002">
    <skipped/>
  </testcase> <!-- executeTest -->
  <testcase classname="runners.TestRunnerCategory" name="executeTest" time="0.000">
    <skipped/>
  </testcase> <!-- executeTest -->
  <testcase classname="runners.TestRunnerCategory" name="executeTest" time="0.001">
    <skipped/>
  </testcase> <!-- executeTest -->
  <testcase classname="runners.TestRunnerCategory" name="executeTest" time="0.000">
    <skipped/>
  </testcase> <!-- executeTest -->
  <testcase classname="runners.TestRunnerCategory" name="executeTest" time="0.001">
    <skipped/>
  </testcase> <!-- executeTest -->
  <testcase classname="runners.TestRunnerCategory" name="executeTest" time="0.002">
    <skipped/>
  </testcase> <!-- executeTest -->
  <testcase classname="runners.TestRunnerCategory" name="executeTest" time="0.001">
    <skipped/>
  </testcase> <!-- executeTest -->
  <testcase classname="runners.TestRunnerCategory" name="executeTest" time="0.001">
    <skipped/>
  </testcase> <!-- executeTest -->
  <testcase classname="runners.TestRunnerCategory" name="executeTest" time="0.001">
    <skipped/>
  </testcase> <!-- executeTest -->
  <testcase classname="runners.TestRunnerCategory" name="executeTest" time="0.000">
    <skipped/>
  </testcase> <!-- executeTest -->
  <testcase classname="runners.TestRunnerCategory" name="executeTest" time="0.001">
    <skipped/>
  </testcase> <!-- executeTest -->
  <testcase classname="runners.TestRunnerCategory" name="executeTest" time="0.002">
    <skipped/>
  </testcase> <!-- executeTest -->
  <testcase classname="runners.TestRunnerCategory" name="executeTest" time="0.002">
    <skipped/>
  </testcase> <!-- executeTest -->
  <testcase classname="runners.TestRunnerCategory" name="executeTest" time="0.000">
    <skipped/>
  </testcase> <!-- executeTest -->
  <testcase classname="runners.TestRunnerCategory" name="executeTest" time="0.000">
    <skipped/>
  </testcase> <!-- executeTest -->
  <testcase classname="runners.TestRunnerCategory" name="executeTest" time="0.001">
    <skipped/>
  </testcase> <!-- executeTest -->
  <testcase classname="runners.TestRunnerCategory" name="executeTest" time="0.485">
    <skipped/>
  </testcase> <!-- executeTest -->
  <testcase classname="runners.TestRunnerCategory" name="executeTest" time="0.001">
    <skipped/>
  </testcase> <!-- executeTest -->
  <testcase classname="runners.TestRunnerCategory" name="executeTest" time="0.002">
    <skipped/>
  </testcase> <!-- executeTest -->
  <testcase classname="runners.TestRunnerCategory" name="executeTest" time="0.001">
    <skipped/>
  </testcase> <!-- executeTest -->
  <testcase classname="runners.TestRunnerCategory" name="executeTest" time="0.001">
    <skipped/>
  </testcase> <!-- executeTest -->
  <testcase classname="runners.TestRunnerCategory" name="executeTest" time="0.002">
    <skipped/>
  </testcase> <!-- executeTest -->
  <testcase classname="runners.TestRunnerCategory" name="executeTest" time="0.759">
    <skipped/>
  </testcase> <!-- executeTest -->
  <testcase classname="runners.TestRunnerCategory" name="executeTest" time="0.000">
    <skipped/>
  </testcase> <!-- executeTest -->
  <testcase classname="runners.TestRunnerCategory" name="executeTest" time="0.001">
    <skipped/>
  </testcase> <!-- executeTest -->
  <testcase classname="runners.TestRunnerCategory" name="executeTest" time="0.002">
    <skipped/>
  </testcase> <!-- executeTest -->
  <testcase classname="runners.TestRunnerCategory" name="executeTest" time="0.000">
    <skipped/>
  </testcase> <!-- executeTest -->
  <testcase classname="runners.TestRunnerCategory" name="executeTest" time="0.001">
    <skipped/>
  </testcase> <!-- executeTest -->
  <testcase classname="runners.TestRunnerCategory" name="executeTest" time="0.000">
    <skipped/>
  </testcase> <!-- executeTest -->
  <testcase classname="runners.TestRunnerCategory" name="executeTest" time="0.001">
    <skipped/>
  </testcase> <!-- executeTest -->
  <testcase classname="runners.TestRunnerCategory" name="executeTest" time="0.002">
    <skipped/>
  </testcase> <!-- executeTest -->
  <testcase classname="runners.TestRunnerCategory" name="executeTest" time="0.001">
    <skipped/>
  </testcase> <!-- executeTest -->
  <testcase classname="runners.TestRunnerCategory" name="executeTest" time="0.001">
    <skipped/>
  </testcase> <!-- executeTest -->
  <testcase classname="runners.TestRunnerCategory" name="executeTest" time="0.001">
    <skipped/>
  </testcase> <!-- executeTest -->
  <testcase classname="runners.TestRunnerCategory" name="executeTest" time="0.001">
    <skipped/>
  </testcase> <!-- executeTest -->
  <testcase classname="runners.TestRunnerCategory" name="executeTest" time="0.000">
    <skipped/>
  </testcase> <!-- executeTest -->
  <testcase classname="runners.TestRunnerCategory" name="executeTest" time="0.000">
    <skipped/>
  </testcase> <!-- executeTest -->
  <testcase classname="runners.TestRunnerCategory" name="executeTest" time="0.000">
    <skipped/>
  </testcase> <!-- executeTest -->
  <testcase classname="runners.TestRunnerCategory" name="executeTest" time="0.001">
    <skipped/>
  </testcase> <!-- executeTest -->
  <testcase classname="runners.TestRunnerCategory" name="executeTest" time="0.001">
    <skipped/>
  </testcase> <!-- executeTest -->
  <testcase classname="runners.TestRunnerCategory" name="executeTest" time="0.002">
    <skipped/>
  </testcase> <!-- executeTest -->
  <testcase classname="runners.TestRunnerCategory" name="executeTest" time="0.000">
    <skipped/>
  </testcase> <!-- executeTest -->
  <testcase classname="runners.TestRunnerCategory" name="executeTest" time="0.000">
    <skipped/>
  </testcase> <!-- executeTest -->
  <testcase classname="runners.TestRunnerCategory" name="executeTest" time="0.001">
    <skipped/>
  </testcase> <!-- executeTest -->
  <testcase classname="runners.TestRunnerCategory" name="executeTest" time="0.001">
    <skipped/>
  </testcase> <!-- executeTest -->
  <testcase classname="runners.TestRunnerCategory" name="executeTest" time="0.001">
    <skipped/>
  </testcase> <!-- executeTest -->
  <testcase classname="runners.TestRunnerCategory" name="executeTest" time="0.002">
    <skipped/>
  </testcase> <!-- executeTest -->
  <testcase classname="runners.TestRunnerCategory" name="executeTest" time="91.852"/>
  <testcase classname="runners.TestRunnerCategory" name="executeTest" time="0.001">
    <skipped/>
  </testcase> <!-- executeTest -->
  <testcase classname="runners.TestRunnerCategory" name="executeTest" time="0.001">
    <skipped/>
  </testcase> <!-- executeTest -->
</testsuite> <!-- runners.TestRunnerCategory -->
