<?xml version="1.0" encoding="UTF-8"?>
<!-- Generated by org.testng.reporters.JUnitXMLReporter -->
<testsuite ignored="0" hostname="BROCHE2LAP078" failures="0" tests="67" name="Global Search" time="95.004" errors="0" timestamp="2026-05-30T22:07:16 IST">
  <testcase classname="runners.TestRunnerCategory" name="executeTest" time="0.484">
    <skipped/>
  </testcase> <!-- executeTest -->
  <testcase classname="runners.TestRunnerCategory" name="executeTest" time="0.001">
    <skipped/>
  </testcase> <!-- executeTest -->
  <testcase classname="runners.TestRunnerCategory" name="executeTest" time="0.0">
    <skipped/>
  </testcase> <!-- executeTest -->
  <testcase classname="runners.TestRunnerCategory" name="executeTest" time="0.001">
    <skipped/>
  </testcase> <!-- executeTest -->
  <testcase classname="runners.TestRunnerCategory" name="executeTest" time="0.001">
    <skipped/>
  </testcase> <!-- executeTest -->
  <testcase classname="runners.TestRunnerCategory" name="executeTest" time="0.001">
    <skipped/>
  </testcase> <!-- executeTest -->
  <testcase classname="runners.TestRunnerCategory" name="executeTest" time="0.001">
    <skipped/>
  </testcase> <!-- executeTest -->
  <testcase classname="runners.TestRunnerCategory" name="executeTest" time="0.001">
    <skipped/>
  </testcase> <!-- executeTest -->
  <testcase classname="runners.TestRunnerCategory" name="executeTest" time="0.001">
    <skipped/>
  </testcase> <!-- executeTest -->
  <testcase classname="runners.TestRunnerCategory" name="executeTest" time="0.001">
    <skipped/>
  </testcase> <!-- executeTest -->
  <testcase classname="runners.TestRunnerCategory" name="executeTest" time="0.001">
    <skipped/>
  </testcase> <!-- executeTest -->
  <testcase classname="runners.TestRunnerCategory" name="executeTest" time="0.001">
    <skipped/>
  </testcase> <!-- executeTest -->
  <testcase classname="runners.TestRunnerCategory" name="executeTest" time="0.001">
    <skipped/>
  </testcase> <!-- executeTest -->
  <testcase classname="runners.TestRunnerCategory" name="executeTest" time="0.001">
    <skipped/>
  </testcase> <!-- executeTest -->
  <testcase classname="runners.TestRunnerCategory" name="executeTest" time="0.001">
    <skipped/>
  </testcase> <!-- executeTest -->
  <testcase classname="runners.TestRunnerCategory" name="executeTest" time="0.001">
    <skipped/>
  </testcase> <!-- executeTest -->
  <testcase classname="runners.TestRunnerCategory" name="executeTest" time="0.001">
    <skipped/>
  </testcase> <!-- executeTest -->
  <testcase classname="runners.TestRunnerCategory" name="executeTest" time="0.001">
    <skipped/>
  </testcase> <!-- executeTest -->
  <testcase classname="runners.TestRunnerCategory" name="executeTest" time="0.0">
    <skipped/>
  </testcase> <!-- executeTest -->
  <testcase classname="runners.TestRunnerCategory" name="executeTest" time="0.0">
    <skipped/>
  </testcase> <!-- executeTest -->
  <testcase classname="runners.TestRunnerCategory" name="executeTest" time="0.0">
    <skipped/>
  </testcase> <!-- executeTest -->
  <testcase classname="runners.TestRunnerCategory" name="executeTest" time="0.001">
    <skipped/>
  </testcase> <!-- executeTest -->
  <testcase classname="runners.TestRunnerCategory" name="executeTest" time="0.0">
    <skipped/>
  </testcase> <!-- executeTest -->
  <testcase classname="runners.TestRunnerCategory" name="executeTest" time="0.0">
    <skipped/>
  </testcase> <!-- executeTest -->
  <testcase classname="runners.TestRunnerCategory" name="executeTest" time="0.0">
    <skipped/>
  </testcase> <!-- executeTest -->
  <testcase classname="runners.TestRunnerCategory" name="executeTest" time="0.0">
    <skipped/>
  </testcase> <!-- executeTest -->
  <testcase classname="runners.TestRunnerCategory" name="executeTest" time="0.001">
    <skipped/>
  </testcase> <!-- executeTest -->
  <testcase classname="runners.TestRunnerCategory" name="executeTest" time="0.0">
    <skipped/>
  </testcase> <!-- executeTest -->
  <testcase classname="runners.TestRunnerCategory" name="executeTest" time="0.001">
    <skipped/>
  </testcase> <!-- executeTest -->
  <testcase classname="runners.TestRunnerCategory" name="executeTest" time="0.0">
    <skipped/>
  </testcase> <!-- executeTest -->
  <testcase classname="runners.TestRunnerCategory" name="executeTest" time="0.0">
    <skipped/>
  </testcase> <!-- executeTest -->
  <testcase classname="runners.TestRunnerCategory" name="executeTest" time="0.001">
    <skipped/>
  </testcase> <!-- executeTest -->
  <testcase classname="runners.TestRunnerCategory" name="executeTest" time="0.0">
    <skipped/>
  </testcase> <!-- executeTest -->
  <testcase classname="runners.TestRunnerCategory" name="executeTest" time="0.001">
    <skipped/>
  </testcase> <!-- executeTest -->
  <testcase classname="runners.TestRunnerCategory" name="executeTest" time="0.0">
    <skipped/>
  </testcase> <!-- executeTest -->
  <testcase classname="runners.TestRunnerCategory" name="executeTest" time="0.001">
    <skipped/>
  </testcase> <!-- executeTest -->
  <testcase classname="runners.TestRunnerCategory" name="executeTest" time="0.0">
    <skipped/>
  </testcase> <!-- executeTest -->
  <testcase classname="runners.TestRunnerCategory" name="executeTest" time="0.001">
    <skipped/>
  </testcase> <!-- executeTest -->
  <testcase classname="runners.TestRunnerCategory" name="executeTest" time="0.001">
    <skipped/>
  </testcase> <!-- executeTest -->
  <testcase classname="runners.TestRunnerCategory" name="executeTest" time="0.0">
    <skipped/>
  </testcase> <!-- executeTest -->
  <testcase classname="runners.TestRunnerCategory" name="executeTest" time="0.001">
    <skipped/>
  </testcase> <!-- executeTest -->
  <testcase classname="runners.TestRunnerCategory" name="executeTest" time="0.001">
    <skipped/>
  </testcase> <!-- executeTest -->
  <testcase classname="runners.TestRunnerCategory" name="executeTest" time="0.0">
    <skipped/>
  </testcase> <!-- executeTest -->
  <testcase classname="runners.TestRunnerCategory" name="executeTest" time="0.001">
    <skipped/>
  </testcase> <!-- executeTest -->
  <testcase classname="runners.TestRunnerCategory" name="executeTest" time="0.001">
    <skipped/>
  </testcase> <!-- executeTest -->
  <testcase classname="runners.TestRunnerCategory" name="executeTest" time="0.001">
    <skipped/>
  </testcase> <!-- executeTest -->
  <testcase classname="runners.TestRunnerCategory" name="executeTest" time="0.001">
    <skipped/>
  </testcase> <!-- executeTest -->
  <testcase classname="runners.TestRunnerCategory" name="executeTest" time="0.001">
    <skipped/>
  </testcase> <!-- executeTest -->
  <testcase classname="runners.TestRunnerCategory" name="executeTest" time="0.0">
    <skipped/>
  </testcase> <!-- executeTest -->
  <testcase classname="runners.TestRunnerCategory" name="executeTest" time="0.0">
    <skipped/>
  </testcase> <!-- executeTest -->
  <testcase classname="runners.TestRunnerCategory" name="executeTest" time="0.0">
    <skipped/>
  </testcase> <!-- executeTest -->
  <testcase classname="runners.TestRunnerCategory" name="executeTest" time="0.001">
    <skipped/>
  </testcase> <!-- executeTest -->
  <testcase classname="runners.TestRunnerCategory" name="executeTest" time="0.001">
    <skipped/>
  </testcase> <!-- executeTest -->
  <testcase classname="runners.TestRunnerCategory" name="executeTest" time="0.001">
    <skipped/>
  </testcase> <!-- executeTest -->
  <testcase classname="runners.TestRunnerCategory" name="executeTest" time="0.0">
    <skipped/>
  </testcase> <!-- executeTest -->
  <testcase classname="runners.TestRunnerCategory" name="executeTest" time="0.001">
    <skipped/>
  </testcase> <!-- executeTest -->
  <testcase classname="runners.TestRunnerCategory" name="executeTest" time="0.001">
    <skipped/>
  </testcase> <!-- executeTest -->
  <testcase classname="runners.TestRunnerCategory" name="executeTest" time="0.001">
    <skipped/>
  </testcase> <!-- executeTest -->
  <testcase classname="runners.TestRunnerCategory" name="executeTest" time="0.002">
    <skipped/>
  </testcase> <!-- executeTest -->
  <testcase classname="runners.TestRunnerCategory" name="executeTest" time="0.0">
    <skipped/>
  </testcase> <!-- executeTest -->
  <testcase classname="runners.TestRunnerCategory" name="executeTest" time="0.0">
    <skipped/>
  </testcase> <!-- executeTest -->
  <testcase classname="runners.TestRunnerCategory" name="executeTest" time="0.001">
    <skipped/>
  </testcase> <!-- executeTest -->
  <testcase classname="runners.TestRunnerCategory" name="executeTest" time="0.0">
    <skipped/>
  </testcase> <!-- executeTest -->
  <testcase classname="runners.TestRunnerCategory" name="executeTest" time="0.001">
    <skipped/>
  </testcase> <!-- executeTest -->
  <testcase classname="runners.TestRunnerCategory" name="executeTest" time="0.001">
    <skipped/>
  </testcase> <!-- executeTest -->
  <testcase classname="runners.TestRunnerCategory" name="executeTest" time="0.0">
    <skipped/>
  </testcase> <!-- executeTest -->
  <testcase classname="runners.TestRunnerCategory" name="executeTest" time="91.851"/>
</testsuite> <!-- Global Search -->
