<?xml version="1.0" encoding="UTF-8"?>
<!-- Generated by org.testng.reporters.JUnitReportReporter -->
<testsuite hostname="BROCHER1LAP1823" failures="0" tests="22" name="runners.TestRunner" time="49.995" errors="0" timestamp="2025-07-16T14:39:14 IST" skipped="21">
  <testcase classname="runners.TestRunner" name="executeTest" time="1.529">
    <skipped/>
  </testcase> <!-- executeTest -->
  <testcase classname="runners.TestRunner" name="executeTest" time="1.286">
    <skipped/>
  </testcase> <!-- executeTest -->
  <testcase classname="runners.TestRunner" name="executeTest" time="1.328">
    <skipped/>
  </testcase> <!-- executeTest -->
  <testcase classname="runners.TestRunner" name="executeTest" time="1.333">
    <skipped/>
  </testcase> <!-- executeTest -->
  <testcase classname="runners.TestRunner" name="executeTest" time="1.320">
    <skipped/>
  </testcase> <!-- executeTest -->
  <testcase classname="runners.TestRunner" name="executeTest" time="1.186">
    <skipped/>
  </testcase> <!-- executeTest -->
  <testcase classname="runners.TestRunner" name="executeTest" time="1.295">
    <skipped/>
  </testcase> <!-- executeTest -->
  <testcase classname="runners.TestRunner" name="executeTest" time="7.123">
    <skipped/>
  </testcase> <!-- executeTest -->
  <testcase classname="runners.TestRunner" name="executeTest" time="1.291">
    <skipped/>
  </testcase> <!-- executeTest -->
  <testcase classname="runners.TestRunner" name="executeTest" time="1.317">
    <skipped/>
  </testcase> <!-- executeTest -->
  <testcase classname="runners.TestRunner" name="executeTest" time="1.320">
    <skipped/>
  </testcase> <!-- executeTest -->
  <testcase classname="runners.TestRunner" name="executeTest" time="1.267">
    <skipped/>
  </testcase> <!-- executeTest -->
  <testcase classname="runners.TestRunner" name="executeTest" time="1.440">
    <skipped/>
  </testcase> <!-- executeTest -->
  <testcase classname="runners.TestRunner" name="executeTest" time="16.963"/>
  <testcase classname="runners.TestRunner" name="executeTest" time="1.309">
    <skipped/>
  </testcase> <!-- executeTest -->
  <testcase classname="runners.TestRunner" name="executeTest" time="1.255">
    <skipped/>
  </testcase> <!-- executeTest -->
  <testcase classname="runners.TestRunner" name="executeTest" time="1.223">
    <skipped/>
  </testcase> <!-- executeTest -->
  <testcase classname="runners.TestRunner" name="executeTest" time="1.161">
    <skipped/>
  </testcase> <!-- executeTest -->
  <testcase classname="runners.TestRunner" name="executeTest" time="1.223">
    <skipped/>
  </testcase> <!-- executeTest -->
  <testcase classname="runners.TestRunner" name="executeTest" time="1.194">
    <skipped/>
  </testcase> <!-- executeTest -->
  <testcase classname="runners.TestRunner" name="executeTest" time="1.428">
    <skipped/>
  </testcase> <!-- executeTest -->
  <testcase classname="runners.TestRunner" name="executeTest" time="1.204">
    <skipped/>
  </testcase> <!-- executeTest -->
</testsuite> <!-- runners.TestRunner -->
