<?xml version="1.0" encoding="UTF-8"?>
<!-- Generated by org.testng.reporters.JUnitReportReporter -->
<testsuite hostname="BROCHER1LAP1823" failures="0" tests="21" name="runners.TestRunnerGlobal" time="1343.049" errors="0" timestamp="2025-09-03T13:00:22 IST" skipped="20">
  <testcase classname="runners.TestRunnerGlobal" name="executeTest" time="0.010">
    <skipped/>
  </testcase> <!-- executeTest -->
  <testcase classname="runners.TestRunnerGlobal" name="executeTest" time="0.002">
    <skipped/>
  </testcase> <!-- executeTest -->
  <testcase classname="runners.TestRunnerGlobal" name="executeTest" time="0.006">
    <skipped/>
  </testcase> <!-- executeTest -->
  <testcase classname="runners.TestRunnerGlobal" name="executeTest" time="0.004">
    <skipped/>
  </testcase> <!-- executeTest -->
  <testcase classname="runners.TestRunnerGlobal" name="executeTest" time="0.005">
    <skipped/>
  </testcase> <!-- executeTest -->
  <testcase classname="runners.TestRunnerGlobal" name="executeTest" time="0.006">
    <skipped/>
  </testcase> <!-- executeTest -->
  <testcase classname="runners.TestRunnerGlobal" name="executeTest" time="0.003">
    <skipped/>
  </testcase> <!-- executeTest -->
  <testcase classname="runners.TestRunnerGlobal" name="executeTest" time="1342.921"/>
  <testcase classname="runners.TestRunnerGlobal" name="executeTest" time="0.004">
    <skipped/>
  </testcase> <!-- executeTest -->
  <testcase classname="runners.TestRunnerGlobal" name="executeTest" time="0.012">
    <skipped/>
  </testcase> <!-- executeTest -->
  <testcase classname="runners.TestRunnerGlobal" name="executeTest" time="0.016">
    <skipped/>
  </testcase> <!-- executeTest -->
  <testcase classname="runners.TestRunnerGlobal" name="executeTest" time="0.005">
    <skipped/>
  </testcase> <!-- executeTest -->
  <testcase classname="runners.TestRunnerGlobal" name="executeTest" time="0.005">
    <skipped/>
  </testcase> <!-- executeTest -->
  <testcase classname="runners.TestRunnerGlobal" name="executeTest" time="0.003">
    <skipped/>
  </testcase> <!-- executeTest -->
  <testcase classname="runners.TestRunnerGlobal" name="executeTest" time="0.003">
    <skipped/>
  </testcase> <!-- executeTest -->
  <testcase classname="runners.TestRunnerGlobal" name="executeTest" time="0.004">
    <skipped/>
  </testcase> <!-- executeTest -->
  <testcase classname="runners.TestRunnerGlobal" name="executeTest" time="0.004">
    <skipped/>
  </testcase> <!-- executeTest -->
  <testcase classname="runners.TestRunnerGlobal" name="executeTest" time="0.003">
    <skipped/>
  </testcase> <!-- executeTest -->
  <testcase classname="runners.TestRunnerGlobal" name="executeTest" time="0.003">
    <skipped/>
  </testcase> <!-- executeTest -->
  <testcase classname="runners.TestRunnerGlobal" name="executeTest" time="0.011">
    <skipped/>
  </testcase> <!-- executeTest -->
  <testcase classname="runners.TestRunnerGlobal" name="executeTest" time="0.019">
    <skipped/>
  </testcase> <!-- executeTest -->
</testsuite> <!-- runners.TestRunnerGlobal -->
