<?xml version="1.0" encoding="UTF-8"?>
<!-- Generated by org.testng.reporters.JUnitXMLReporter -->
<testsuite ignored="0" hostname="BROCHER1LAP1823" failures="0" tests="20" name="Global Search(failed)" time="30.06" errors="0" timestamp="2025-09-02T14:55:45 IST">
  <testcase classname="runners.TestRunnerGlobal" name="executeTest" time="28.382"/>
  <testcase classname="runners.TestRunnerGlobal" name="executeTest" time="0.01">
    <skipped/>
  </testcase> <!-- executeTest -->
  <testcase classname="runners.TestRunnerGlobal" name="executeTest" time="0.003">
    <skipped/>
  </testcase> <!-- executeTest -->
  <testcase classname="runners.TestRunnerGlobal" name="executeTest" time="0.002">
    <skipped/>
  </testcase> <!-- executeTest -->
  <testcase classname="runners.TestRunnerGlobal" name="executeTest" time="0.004">
    <skipped/>
  </testcase> <!-- executeTest -->
  <testcase classname="runners.TestRunnerGlobal" name="executeTest" time="0.004">
    <skipped/>
  </testcase> <!-- executeTest -->
  <testcase classname="runners.TestRunnerGlobal" name="executeTest" time="0.004">
    <skipped/>
  </testcase> <!-- executeTest -->
  <testcase classname="runners.TestRunnerGlobal" name="executeTest" time="0.003">
    <skipped/>
  </testcase> <!-- executeTest -->
  <testcase classname="runners.TestRunnerGlobal" name="executeTest" time="0.001">
    <skipped/>
  </testcase> <!-- executeTest -->
  <testcase classname="runners.TestRunnerGlobal" name="executeTest" time="0.002">
    <skipped/>
  </testcase> <!-- executeTest -->
  <testcase classname="runners.TestRunnerGlobal" name="executeTest" time="0.004">
    <skipped/>
  </testcase> <!-- executeTest -->
  <testcase classname="runners.TestRunnerGlobal" name="executeTest" time="0.003">
    <skipped/>
  </testcase> <!-- executeTest -->
  <testcase classname="runners.TestRunnerGlobal" name="executeTest" time="0.002">
    <skipped/>
  </testcase> <!-- executeTest -->
  <testcase classname="runners.TestRunnerGlobal" name="executeTest" time="0.001">
    <skipped/>
  </testcase> <!-- executeTest -->
  <testcase classname="runners.TestRunnerGlobal" name="executeTest" time="0.001">
    <skipped/>
  </testcase> <!-- executeTest -->
  <testcase classname="runners.TestRunnerGlobal" name="executeTest" time="0.003">
    <skipped/>
  </testcase> <!-- executeTest -->
  <testcase classname="runners.TestRunnerGlobal" name="executeTest" time="0.002">
    <skipped/>
  </testcase> <!-- executeTest -->
  <testcase classname="runners.TestRunnerGlobal" name="executeTest" time="0.001">
    <skipped/>
  </testcase> <!-- executeTest -->
  <testcase classname="runners.TestRunnerGlobal" name="executeTest" time="0.003">
    <skipped/>
  </testcase> <!-- executeTest -->
  <testcase classname="runners.TestRunnerGlobal" name="executeTest" time="0.005">
    <skipped/>
  </testcase> <!-- executeTest -->
</testsuite> <!-- Global Search(failed) -->
