<?xml version="1.0" encoding="UTF-8"?>
<testsuite xmlns:xsi="http://www.w3.org/2001/XMLSchema-instance" xsi:noNamespaceSchemaLocation="https://maven.apache.org/surefire/maven-surefire-plugin/xsd/surefire-test-report-3.0.xsd" version="3.0" name="TestSuite" time="23.958" tests="4" errors="0" skipped="3" failures="0">
  <properties>
[...]
</properties>
  <testcase name="executeTest[[Ljava.lang.Object;@70e29e14](1)" classname="runners.TestRunnerOperation" time="0.0">
    <skipped message="Test case skipped: Tc_85_restrictedcategory"/>
    <system-err><![CDATA[SLF4J(W): No SLF4J providers were found.
SLF4J(W): Defaulting to no-operation (NOP) logger implementation
SLF4J(W): See https://www.slf4j.org/codes.html#noProviders for further details.
ERROR StatusLogger Log4j2 could not find a logging implementation. Please add log4j-core to the classpath. Using SimpleLogger to log to the console...
]]></system-err>
  </testcase>
  <testcase name="executeTest[[Ljava.lang.Object;@1e886a5b](2)" classname="runners.TestRunnerOperation" time="0.0">
    <skipped message="Test case skipped: Tc_88_Benchmarknoaccess"/>
  </testcase>
  <testcase name="executeTest[[Ljava.lang.Object;@372b0d86](3)" classname="runners.TestRunnerOperation" time="0.0">
    <skipped message="Test case skipped: Tc_173_Deletemultiplecategory"/>
  </testcase>
  <testcase name="executeTest[[Ljava.lang.Object;@4e9658b5](4)" classname="runners.TestRunnerOperation" time="20.443">
    <system-out><![CDATA[Executing test case: Tc_90_3plrestricted
Text entered - naveenkumar.s@beroe-inc.com
Username Entered
Password Entered
Login Successful
✓ PASS [loginoperations]
Text entered - userforsamplecategory1@rel312.com
Object clicked 
Object clicked 
Object clicked 
✓ PASS [threeplrestricted]
==============================================================================================

Tc_90_3plrestricted - Pass
==============================================================================================
]]></system-out>
    <system-err><![CDATA[Jun 08, 2026 11:59:40 AM org.openqa.selenium.devtools.CdpVersionFinder findNearestMatch
WARNING: Unable to find CDP implementation matching 148
Jun 08, 2026 11:59:40 AM org.openqa.selenium.chromium.ChromiumDriver lambda$new$4
WARNING: Unable to find version of CDP to use for 148.0.7778.181. You may need to include a dependency on a specific version of the CDP using something similar to `org.seleniumhq.selenium:selenium-devtools-v86:4.29.0` where the version ("v86") matches the version of the chromium-based browser you're using and the version number of the artifact is the same as Selenium's.
]]></system-err>
  </testcase>
</testsuite>