<?xml version="1.0" encoding="UTF-8"?>
<!-- Generated by org.testng.reporters.JUnitReportReporter -->
<testsuite hostname="BROCHE2LAP078" failures="0" tests="4" name="runners.TestRunnerOperation" time="21.281" errors="0" timestamp="2026-06-08T11:59:58 IST" skipped="3">
  <testcase classname="runners.TestRunnerOperation" name="executeTest" time="20.443"/>
  <testcase classname="runners.TestRunnerOperation" name="executeTest" time="0.338">
    <skipped/>
  </testcase> <!-- executeTest -->
  <testcase classname="runners.TestRunnerOperation" name="executeTest" time="0.000">
    <skipped/>
  </testcase> <!-- executeTest -->
  <testcase classname="runners.TestRunnerOperation" name="executeTest" time="0.500">
    <skipped/>
  </testcase> <!-- executeTest -->
</testsuite> <!-- runners.TestRunnerOperation -->
